<?xml version="1.0" encoding="UTF-8"?>
<!-- Generated by org.testng.reporters.JUnitReportReporter -->
<testsuite hostname="MSI" failures="0" tests="1" name="testcases.AddEmployeeTest" time="16.520" errors="0" timestamp="2021-10-23T16:49:14 IST" skipped="0">
  <testcase classname="testcases.AddEmployeeTest" name="addEmployee" time="16.520"/>
  <system-out/>
</testsuite> <!-- testcases.AddEmployeeTest -->
